<?xml version="1.0" encoding="UTF-8"?>
<!-- Generated by org.testng.reporters.JUnitReportReporter -->
<testsuite skipped="0" hostname="LGOP1504" name="Formation.ConnectionTest" tests="1" failures="0" timestamp="2020-01-27T15:35:59 CET" time="3.830" errors="0">
  <testcase name="demoTest" time="3.830" classname="Formation.ConnectionTest"/>
</testsuite> <!-- Formation.ConnectionTest -->
